[0110/142127.173:ERROR:process_memory_win.cc(73)] ReadMemory at 0x7ff69a580000 of 64 bytes failed: Only part of a ReadProcessMemory or WriteProcessMemory request was completed. (0x12B)
[0110/142127.174:WARNING:pe_image_reader.cc(340)] could not read dos header from C:\Program Files (x86)\Google\Chrome\Application\chrome.exe
[0110/142127.174:ERROR:process_memory_win.cc(73)] ReadMemory at 0x7ff86eaa0000 of 64 bytes failed: Only part of a ReadProcessMemory or WriteProcessMemory request was completed. (0x12B)
[0110/142127.174:WARNING:pe_image_reader.cc(340)] could not read dos header from C:\WINDOWS\SYSTEM32\ntdll.dll
[0110/142127.174:ERROR:process_memory_win.cc(73)] ReadMemory at 0x7ff86d570000 of 64 bytes failed: Only part of a ReadProcessMemory or WriteProcessMemory request was completed. (0x12B)
[0110/142127.473:WARNING:pe_image_reader.cc(340)] could not read dos header from C:\WINDOWS\System32\KERNEL32.DLL
[0110/142127.474:ERROR:process_memory_win.cc(73)] ReadMemory at 0x7ff86c2d0000 of 64 bytes failed: Only part of a ReadProcessMemory or WriteProcessMemory request was completed. (0x12B)
[0110/142127.474:WARNING:pe_image_reader.cc(340)] could not read dos header from C:\WINDOWS\System32\KERNELBASE.dll
[0110/142127.474:ERROR:process_memory_win.cc(73)] ReadMemory at 0x7ff80ad40000 of 64 bytes failed: Only part of a ReadProcessMemory or WriteProcessMemory request was completed. (0x12B)
[0110/142127.474:WARNING:pe_image_reader.cc(340)] could not read dos header from C:\Program Files (x86)\Google\Chrome\Application\79.0.3945.117\chrome_elf.dll
[0110/142127.474:ERROR:process_memory_win.cc(73)] ReadMemory at 0x7ff866dc0000 of 64 bytes failed: Only part of a ReadProcessMemory or WriteProcessMemory request was completed. (0x12B)
[0110/142127.474:WARNING:pe_image_reader.cc(340)] could not read dos header from C:\WINDOWS\SYSTEM32\VERSION.dll
[0110/142127.474:ERROR:process_memory_win.cc(73)] ReadMemory at 0x7ff86d270000 of 64 bytes failed: Only part of a ReadProcessMemory or WriteProcessMemory request was completed. (0x12B)
[0110/142127.474:WARNING:pe_image_reader.cc(340)] could not read dos header from C:\WINDOWS\System32\msvcrt.dll
[0110/142127.474:ERROR:process_memory_win.cc(73)] ReadMemory at 0x7ff86ca70000 of 64 bytes failed: Only part of a ReadProcessMemory or WriteProcessMemory request was completed. (0x12B)
[0110/142127.474:WARNING:pe_image_reader.cc(340)] could not read dos header from C:\WINDOWS\System32\bcryptPrimitives.dll
[0110/142127.474:ERROR:process_memory_win.cc(73)] ReadMemory at 0x1f1d7fd0000 of 64 bytes failed: Only part of a ReadProcessMemory or WriteProcessMemory request was completed. (0x12B)
[0110/142127.474:WARNING:pe_image_reader.cc(340)] could not read dos header from C:\WINDOWS\System32\ADVAPI32.dll
[0110/142127.474:ERROR:process_memory_win.cc(73)] ReadMemory at 0x7ff86ddc0000 of 64 bytes failed: Only part of a ReadProcessMemory or WriteProcessMemory request was completed. (0x12B)
[0110/142127.474:WARNING:pe_image_reader.cc(340)] could not read dos header from C:\WINDOWS\System32\sechost.dll
[0110/142127.474:ERROR:process_memory_win.cc(73)] ReadMemory at 0x7ff86d310000 of 64 bytes failed: Only part of a ReadProcessMemory or WriteProcessMemory request was completed. (0x12B)
[0110/142127.474:WARNING:pe_image_reader.cc(340)] could not read dos header from C:\WINDOWS\System32\RPCRT4.dll
[0110/142127.474:ERROR:process_memory_win.cc(73)] ReadMemory at 0x7ffffa9b0000 of 64 bytes failed: Only part of a ReadProcessMemory or WriteProcessMemory request was completed. (0x12B)
[0110/142127.474:WARNING:pe_image_reader.cc(340)] could not read dos header from C:\Program Files (x86)\Google\Chrome\Application\79.0.3945.117\chrome_child.dll
[0110/142127.474:ERROR:process_memory_win.cc(73)] ReadMemory at 0x7ff86d760000 of 64 bytes failed: Only part of a ReadProcessMemory or WriteProcessMemory request was completed. (0x12B)
[0110/142127.474:WARNING:pe_image_reader.cc(340)] could not read dos header from C:\WINDOWS\System32\OLEAUT32.dll
[0110/142127.474:ERROR:process_memory_win.cc(73)] ReadMemory at 0x7ff86c850000 of 64 bytes failed: Only part of a ReadProcessMemory or WriteProcessMemory request was completed. (0x12B)
[0110/142127.517:WARNING:pe_image_reader.cc(340)] could not read dos header from C:\WINDOWS\System32\msvcp_win.dll
[0110/142127.517:ERROR:process_memory_win.cc(73)] ReadMemory at 0x7ff86c1b0000 of 64 bytes failed: Only part of a ReadProcessMemory or WriteProcessMemory request was completed. (0x12B)
[0110/142127.518:WARNING:pe_image_reader.cc(340)] could not read dos header from C:\WINDOWS\System32\ucrtbase.dll
[0110/142127.518:ERROR:process_memory_win.cc(73)] ReadMemory at 0x7ff86da20000 of 64 bytes failed: Only part of a ReadProcessMemory or WriteProcessMemory request was completed. (0x12B)
[0110/142127.518:WARNING:pe_image_reader.cc(340)] could not read dos header from C:\WINDOWS\System32\combase.dll
[0110/142127.518:ERROR:process_memory_win.cc(73)] ReadMemory at 0x7ff86d9b0000 of 64 bytes failed: Only part of a ReadProcessMemory or WriteProcessMemory request was completed. (0x12B)
[0110/142127.518:WARNING:pe_image_reader.cc(340)] could not read dos header from C:\WINDOWS\System32\WS2_32.dll
[0110/142127.518:ERROR:process_memory_win.cc(73)] ReadMemory at 0x7ff86caf0000 of 64 bytes failed: Only part of a ReadProcessMemory or WriteProcessMemory request was completed. (0x12B)
[0110/142127.518:WARNING:pe_image_reader.cc(340)] could not read dos header from C:\WINDOWS\System32\WINTRUST.dll
[0110/142127.518:ERROR:process_memory_win.cc(73)] ReadMemory at 0x7ff86ba10000 of 64 bytes failed: Only part of a ReadProcessMemory or WriteProcessMemory request was completed. (0x12B)
[0110/142127.518:WARNING:pe_image_reader.cc(340)] could not read dos header from C:\WINDOWS\System32\MSASN1.dll
[0110/142127.518:ERROR:process_memory_win.cc(73)] ReadMemory at 0x7ff86c920000 of 64 bytes failed: Only part of a ReadProcessMemory or WriteProcessMemory request was completed. (0x12B)
[0110/142127.518:WARNING:pe_image_reader.cc(340)] could not read dos header from C:\WINDOWS\System32\CRYPT32.dll
[0110/142127.518:ERROR:process_memory_win.cc(73)] ReadMemory at 0x7ff86aef0000 of 64 bytes failed: Only part of a ReadProcessMemory or WriteProcessMemory request was completed. (0x12B)
[0110/142127.518:WARNING:pe_image_reader.cc(340)] could not read dos header from C:\WINDOWS\SYSTEM32\IPHLPAPI.DLL
[0110/142127.518:ERROR:process_memory_win.cc(73)] ReadMemory at 0x7ff8699c0000 of 64 bytes failed: Only part of a ReadProcessMemory or WriteProcessMemory request was completed. (0x12B)
[0110/142127.518:WARNING:pe_image_reader.cc(340)] could not read dos header from C:\WINDOWS\SYSTEM32\WINMM.dll
[0110/142127.518:ERROR:process_memory_win.cc(73)] ReadMemory at 0x7ff86b890000 of 64 bytes failed: Only part of a ReadProcessMemory or WriteProcessMemory request was completed. (0x12B)
[0110/142127.518:WARNING:pe_image_reader.cc(340)] could not read dos header from C:\WINDOWS\SYSTEM32\USERENV.dll
[0110/142127.518:ERROR:process_memory_win.cc(73)] ReadMemory at 0x7ff86b9f0000 of 64 bytes failed: Only part of a ReadProcessMemory or WriteProcessMemory request was completed. (0x12B)
[0110/142127.518:WARNING:pe_image_reader.cc(340)] could not read dos header from C:\WINDOWS\System32\profapi.dll
[0110/142127.518:ERROR:process_memory_win.cc(73)] ReadMemory at 0x7ff855550000 of 64 bytes failed: Only part of a ReadProcessMemory or WriteProcessMemory request was completed. (0x12B)
[0110/142127.518:WARNING:pe_image_reader.cc(340)] could not read dos header from C:\WINDOWS\SYSTEM32\DWrite.dll
[0110/142127.518:ERROR:process_memory_win.cc(73)] ReadMemory at 0x7ff85e0d0000 of 64 bytes failed: Only part of a ReadProcessMemory or WriteProcessMemory request was completed. (0x12B)
[0110/142127.518:WARNING:pe_image_reader.cc(340)] could not read dos header from C:\WINDOWS\SYSTEM32\WINSPOOL.DRV
[0110/142127.518:ERROR:process_memory_win.cc(73)] ReadMemory at 0x7ff86b980000 of 64 bytes failed: Only part of a ReadProcessMemory or WriteProcessMemory request was completed. (0x12B)
[0110/142127.518:WARNING:pe_image_reader.cc(340)] could not read dos header from C:\WINDOWS\System32\kernel.appcore.dll
[0110/142127.518:ERROR:process_memory_win.cc(73)] ReadMemory at 0x7ff86c820000 of 64 bytes failed: Only part of a ReadProcessMemory or WriteProcessMemory request was completed. (0x12B)
[0110/142127.518:WARNING:pe_image_reader.cc(340)] could not read dos header from C:\WINDOWS\System32\bcrypt.dll
[0110/142127.518:ERROR:process_memory_win.cc(73)] ReadMemory at 0x7ff864b10000 of 64 bytes failed: Only part of a ReadProcessMemory or WriteProcessMemory request was completed. (0x12B)
[0110/142127.518:WARNING:pe_image_reader.cc(340)] could not read dos header from C:\WINDOWS\SYSTEM32\dbghelp.dll
[0110/142127.518:ERROR:process_memory_win.cc(73)] ReadMemory at 0x7ff8563a0000 of 64 bytes failed: Only part of a ReadProcessMemory or WriteProcessMemory request was completed. (0x12B)
[0110/142127.519:WARNING:pe_image_reader.cc(340)] could not read dos header from C:\WINDOWS\SYSTEM32\Secur32.dll
[0110/142127.519:ERROR:process_memory_win.cc(73)] ReadMemory at 0x7ff85f910000 of 64 bytes failed: Only part of a ReadProcessMemory or WriteProcessMemory request was completed. (0x12B)
[0110/142127.519:WARNING:pe_image_reader.cc(340)] could not read dos header from C:\WINDOWS\SYSTEM32\WINHTTP.dll
[0110/142127.519:ERROR:process_memory_win.cc(73)] ReadMemory at 0x7ff862c90000 of 64 bytes failed: Only part of a ReadProcessMemory or WriteProcessMemory request was completed. (0x12B)
[0110/142127.519:WARNING:pe_image_reader.cc(340)] could not read dos header from C:\WINDOWS\SYSTEM32\dhcpcsvc.DLL
[0110/142127.519:ERROR:process_memory_win.cc(73)] ReadMemory at 0x7ff86d750000 of 64 bytes failed: Only part of a ReadProcessMemory or WriteProcessMemory request was completed. (0x12B)
[0110/142127.519:WARNING:pe_image_reader.cc(340)] could not read dos header from C:\WINDOWS\System32\NSI.dll
[0110/142127.519:ERROR:process_memory_win.cc(73)] ReadMemory at 0x7ff869990000 of 64 bytes failed: Only part of a ReadProcessMemory or WriteProcessMemory request was completed. (0x12B)
[0110/142127.519:WARNING:pe_image_reader.cc(340)] could not read dos header from C:\WINDOWS\SYSTEM32\WINMMBASE.dll
[0110/142127.519:ERROR:process_memory_win.cc(73)] ReadMemory at 0x7ff86c720000 of 64 bytes failed: Only part of a ReadProcessMemory or WriteProcessMemory request was completed. (0x12B)
[0110/142127.519:WARNING:pe_image_reader.cc(340)] could not read dos header from C:\WINDOWS\System32\cfgmgr32.dll
[0110/142127.519:ERROR:process_memory_win.cc(73)] ReadMemory at 0x7ff868330000 of 64 bytes failed: Only part of a ReadProcessMemory or WriteProcessMemory request was completed. (0x12B)
[0110/142127.519:WARNING:pe_image_reader.cc(340)] could not read dos header from C:\WINDOWS\SYSTEM32\PROPSYS.dll
[0110/142127.519:ERROR:process_memory_win.cc(73)] ReadMemory at 0x7ff86d900000 of 64 bytes failed: Only part of a ReadProcessMemory or WriteProcessMemory request was completed. (0x12B)
[0110/142127.519:WARNING:pe_image_reader.cc(340)] could not read dos header from C:\WINDOWS\System32\shcore.dll
[0110/142127.519:ERROR:process_memory_win.cc(73)] ReadMemory at 0x7ff86b860000 of 64 bytes failed: Only part of a ReadProcessMemory or WriteProcessMemory request was completed. (0x12B)
[0110/142127.519:WARNING:pe_image_reader.cc(340)] could not read dos header from C:\WINDOWS\SYSTEM32\SSPICLI.DLL
[0110/142127.519:ERROR:process_memory_win.cc(73)] ReadMemory at 0x7ff86b3b0000 of 64 bytes failed: Only part of a ReadProcessMemory or WriteProcessMemory request was completed. (0x12B)
[0110/142127.519:WARNING:pe_image_reader.cc(340)] could not read dos header from C:\WINDOWS\SYSTEM32\CRYPTBASE.DLL
[0110/142127.519:ERROR:process_memory_win.cc(73)] ReadMemory at 0x7ff69a580000 of 64 bytes failed: Only part of a ReadProcessMemory or WriteProcessMemory request was completed. (0x12B)
[0110/142127.519:WARNING:pe_image_reader.cc(340)] could not read dos header from C:\Program Files (x86)\Google\Chrome\Application\chrome.exe
[0110/142127.519:ERROR:process_memory_win.cc(73)] ReadMemory at 0x7ff86eaa0000 of 64 bytes failed: Only part of a ReadProcessMemory or WriteProcessMemory request was completed. (0x12B)
[0110/142127.519:WARNING:pe_image_reader.cc(340)] could not read dos header from C:\WINDOWS\SYSTEM32\ntdll.dll
[0110/142127.519:ERROR:process_memory_win.cc(73)] ReadMemory at 0x7ff86d570000 of 64 bytes failed: Only part of a ReadProcessMemory or WriteProcessMemory request was completed. (0x12B)
[0110/142127.519:WARNING:pe_image_reader.cc(340)] could not read dos header from C:\WINDOWS\System32\KERNEL32.DLL
[0110/142127.519:ERROR:process_memory_win.cc(73)] ReadMemory at 0x7ff86c2d0000 of 64 bytes failed: Only part of a ReadProcessMemory or WriteProcessMemory request was completed. (0x12B)
[0110/142127.519:WARNING:pe_image_reader.cc(340)] could not read dos header from C:\WINDOWS\System32\KERNELBASE.dll
[0110/142127.519:ERROR:process_memory_win.cc(73)] ReadMemory at 0x7ff80ad40000 of 64 bytes failed: Only part of a ReadProcessMemory or WriteProcessMemory request was completed. (0x12B)
[0110/142127.519:WARNING:pe_image_reader.cc(340)] could not read dos header from C:\Program Files (x86)\Google\Chrome\Application\79.0.3945.117\chrome_elf.dll
[0110/142127.519:ERROR:process_memory_win.cc(73)] ReadMemory at 0x7ff866dc0000 of 64 bytes failed: Only part of a ReadProcessMemory or WriteProcessMemory request was completed. (0x12B)
[0110/142127.519:WARNING:pe_image_reader.cc(340)] could not read dos header from C:\WINDOWS\SYSTEM32\VERSION.dll
[0110/142127.519:ERROR:process_memory_win.cc(73)] ReadMemory at 0x7ff86d270000 of 64 bytes failed: Only part of a ReadProcessMemory or WriteProcessMemory request was completed. (0x12B)
[0110/142127.519:WARNING:pe_image_reader.cc(340)] could not read dos header from C:\WINDOWS\System32\msvcrt.dll
[0110/142127.519:ERROR:process_memory_win.cc(73)] ReadMemory at 0x7ff86ca70000 of 64 bytes failed: Only part of a ReadProcessMemory or WriteProcessMemory request was completed. (0x12B)
[0110/142127.519:WARNING:pe_image_reader.cc(340)] could not read dos header from C:\WINDOWS\System32\bcryptPrimitives.dll
[0110/142127.519:ERROR:process_memory_win.cc(73)] ReadMemory at 0x1f1d7fd0000 of 64 bytes failed: Only part of a ReadProcessMemory or WriteProcessMemory request was completed. (0x12B)
[0110/142127.519:WARNING:pe_image_reader.cc(340)] could not read dos header from C:\WINDOWS\System32\ADVAPI32.dll
[0110/142127.519:ERROR:process_memory_win.cc(73)] ReadMemory at 0x7ff86ddc0000 of 64 bytes failed: Only part of a ReadProcessMemory or WriteProcessMemory request was completed. (0x12B)
[0110/142127.519:WARNING:pe_image_reader.cc(340)] could not read dos header from C:\WINDOWS\System32\sechost.dll
[0110/142127.519:ERROR:process_memory_win.cc(73)] ReadMemory at 0x7ff86d310000 of 64 bytes failed: Only part of a ReadProcessMemory or WriteProcessMemory request was completed. (0x12B)
[0110/142127.520:WARNING:pe_image_reader.cc(340)] could not read dos header from C:\WINDOWS\System32\RPCRT4.dll
[0110/142127.520:ERROR:process_memory_win.cc(73)] ReadMemory at 0x7ffffa9b0000 of 64 bytes failed: Only part of a ReadProcessMemory or WriteProcessMemory request was completed. (0x12B)
[0110/142127.520:WARNING:pe_image_reader.cc(340)] could not read dos header from C:\Program Files (x86)\Google\Chrome\Application\79.0.3945.117\chrome_child.dll
[0110/142127.520:ERROR:process_memory_win.cc(73)] ReadMemory at 0x7ff86d760000 of 64 bytes failed: Only part of a ReadProcessMemory or WriteProcessMemory request was completed. (0x12B)
[0110/142127.520:WARNING:pe_image_reader.cc(340)] could not read dos header from C:\WINDOWS\System32\OLEAUT32.dll
[0110/142127.520:ERROR:process_memory_win.cc(73)] ReadMemory at 0x7ff86c850000 of 64 bytes failed: Only part of a ReadProcessMemory or WriteProcessMemory request was completed. (0x12B)
[0110/142127.520:WARNING:pe_image_reader.cc(340)] could not read dos header from C:\WINDOWS\System32\msvcp_win.dll
[0110/142127.520:ERROR:process_memory_win.cc(73)] ReadMemory at 0x7ff86c1b0000 of 64 bytes failed: Only part of a ReadProcessMemory or WriteProcessMemory request was completed. (0x12B)
[0110/142127.520:WARNING:pe_image_reader.cc(340)] could not read dos header from C:\WINDOWS\System32\ucrtbase.dll
[0110/142127.520:ERROR:process_memory_win.cc(73)] ReadMemory at 0x7ff86da20000 of 64 bytes failed: Only part of a ReadProcessMemory or WriteProcessMemory request was completed. (0x12B)
[0110/142127.520:WARNING:pe_image_reader.cc(340)] could not read dos header from C:\WINDOWS\System32\combase.dll
[0110/142127.520:ERROR:process_memory_win.cc(73)] ReadMemory at 0x7ff86d9b0000 of 64 bytes failed: Only part of a ReadProcessMemory or WriteProcessMemory request was completed. (0x12B)
[0110/142127.520:WARNING:pe_image_reader.cc(340)] could not read dos header from C:\WINDOWS\System32\WS2_32.dll
[0110/142127.520:ERROR:process_memory_win.cc(73)] ReadMemory at 0x7ff86caf0000 of 64 bytes failed: Only part of a ReadProcessMemory or WriteProcessMemory request was completed. (0x12B)
[0110/142127.520:WARNING:pe_image_reader.cc(340)] could not read dos header from C:\WINDOWS\System32\WINTRUST.dll
[0110/142127.520:ERROR:process_memory_win.cc(73)] ReadMemory at 0x7ff86ba10000 of 64 bytes failed: Only part of a ReadProcessMemory or WriteProcessMemory request was completed. (0x12B)
[0110/142127.520:WARNING:pe_image_reader.cc(340)] could not read dos header from C:\WINDOWS\System32\MSASN1.dll
[0110/142127.520:ERROR:process_memory_win.cc(73)] ReadMemory at 0x7ff86c920000 of 64 bytes failed: Only part of a ReadProcessMemory or WriteProcessMemory request was completed. (0x12B)
[0110/142127.520:WARNING:pe_image_reader.cc(340)] could not read dos header from C:\WINDOWS\System32\CRYPT32.dll
[0110/142127.520:ERROR:process_memory_win.cc(73)] ReadMemory at 0x7ff86aef0000 of 64 bytes failed: Only part of a ReadProcessMemory or WriteProcessMemory request was completed. (0x12B)
[0110/142127.520:WARNING:pe_image_reader.cc(340)] could not read dos header from C:\WINDOWS\SYSTEM32\IPHLPAPI.DLL
[0110/142127.520:ERROR:process_memory_win.cc(73)] ReadMemory at 0x7ff8699c0000 of 64 bytes failed: Only part of a ReadProcessMemory or WriteProcessMemory request was completed. (0x12B)
[0110/142127.520:WARNING:pe_image_reader.cc(340)] could not read dos header from C:\WINDOWS\SYSTEM32\WINMM.dll
[0110/142127.520:ERROR:process_memory_win.cc(73)] ReadMemory at 0x7ff86b890000 of 64 bytes failed: Only part of a ReadProcessMemory or WriteProcessMemory request was completed. (0x12B)
[0110/142127.520:WARNING:pe_image_reader.cc(340)] could not read dos header from C:\WINDOWS\SYSTEM32\USERENV.dll
[0110/142127.520:ERROR:process_memory_win.cc(73)] ReadMemory at 0x7ff86b9f0000 of 64 bytes failed: Only part of a ReadProcessMemory or WriteProcessMemory request was completed. (0x12B)
[0110/142127.520:WARNING:pe_image_reader.cc(340)] could not read dos header from C:\WINDOWS\System32\profapi.dll
[0110/142127.520:ERROR:process_memory_win.cc(73)] ReadMemory at 0x7ff855550000 of 64 bytes failed: Only part of a ReadProcessMemory or WriteProcessMemory request was completed. (0x12B)
[0110/142127.520:WARNING:pe_image_reader.cc(340)] could not read dos header from C:\WINDOWS\SYSTEM32\DWrite.dll
[0110/142127.520:ERROR:process_memory_win.cc(73)] ReadMemory at 0x7ff85e0d0000 of 64 bytes failed: Only part of a ReadProcessMemory or WriteProcessMemory request was completed. (0x12B)
[0110/142127.520:WARNING:pe_image_reader.cc(340)] could not read dos header from C:\WINDOWS\SYSTEM32\WINSPOOL.DRV
[0110/142127.520:ERROR:process_memory_win.cc(73)] ReadMemory at 0x7ff86b980000 of 64 bytes failed: Only part of a ReadProcessMemory or WriteProcessMemory request was completed. (0x12B)
[0110/142127.520:WARNING:pe_image_reader.cc(340)] could not read dos header from C:\WINDOWS\System32\kernel.appcore.dll
[0110/142127.520:ERROR:process_memory_win.cc(73)] ReadMemory at 0x7ff86c820000 of 64 bytes failed: Only part of a ReadProcessMemory or WriteProcessMemory request was completed. (0x12B)
[0110/142127.520:WARNING:pe_image_reader.cc(340)] could not read dos header from C:\WINDOWS\System32\bcrypt.dll
[0110/142127.520:ERROR:process_memory_win.cc(73)] ReadMemory at 0x7ff864b10000 of 64 bytes failed: Only part of a ReadProcessMemory or WriteProcessMemory request was completed. (0x12B)
[0110/142127.520:WARNING:pe_image_reader.cc(340)] could not read dos header from C:\WINDOWS\SYSTEM32\dbghelp.dll
[0110/142127.520:ERROR:process_memory_win.cc(73)] ReadMemory at 0x7ff8563a0000 of 64 bytes failed: Only part of a ReadProcessMemory or WriteProcessMemory request was completed. (0x12B)
[0110/142127.520:WARNING:pe_image_reader.cc(340)] could not read dos header from C:\WINDOWS\SYSTEM32\Secur32.dll
[0110/142127.521:ERROR:process_memory_win.cc(73)] ReadMemory at 0x7ff85f910000 of 64 bytes failed: Only part of a ReadProcessMemory or WriteProcessMemory request was completed. (0x12B)
[0110/142127.521:WARNING:pe_image_reader.cc(340)] could not read dos header from C:\WINDOWS\SYSTEM32\WINHTTP.dll
[0110/142127.521:ERROR:process_memory_win.cc(73)] ReadMemory at 0x7ff862c90000 of 64 bytes failed: Only part of a ReadProcessMemory or WriteProcessMemory request was completed. (0x12B)
[0110/142127.521:WARNING:pe_image_reader.cc(340)] could not read dos header from C:\WINDOWS\SYSTEM32\dhcpcsvc.DLL
[0110/142127.521:ERROR:process_memory_win.cc(73)] ReadMemory at 0x7ff86d750000 of 64 bytes failed: Only part of a ReadProcessMemory or WriteProcessMemory request was completed. (0x12B)
[0110/142127.521:WARNING:pe_image_reader.cc(340)] could not read dos header from C:\WINDOWS\System32\NSI.dll
[0110/142127.521:ERROR:process_memory_win.cc(73)] ReadMemory at 0x7ff869990000 of 64 bytes failed: Only part of a ReadProcessMemory or WriteProcessMemory request was completed. (0x12B)
[0110/142127.521:WARNING:pe_image_reader.cc(340)] could not read dos header from C:\WINDOWS\SYSTEM32\WINMMBASE.dll
[0110/142127.521:ERROR:process_memory_win.cc(73)] ReadMemory at 0x7ff86c720000 of 64 bytes failed: Only part of a ReadProcessMemory or WriteProcessMemory request was completed. (0x12B)
[0110/142127.521:WARNING:pe_image_reader.cc(340)] could not read dos header from C:\WINDOWS\System32\cfgmgr32.dll
[0110/142127.521:ERROR:process_memory_win.cc(73)] ReadMemory at 0x7ff868330000 of 64 bytes failed: Only part of a ReadProcessMemory or WriteProcessMemory request was completed. (0x12B)
[0110/142127.521:WARNING:pe_image_reader.cc(340)] could not read dos header from C:\WINDOWS\SYSTEM32\PROPSYS.dll
[0110/142127.521:ERROR:process_memory_win.cc(73)] ReadMemory at 0x7ff86d900000 of 64 bytes failed: Only part of a ReadProcessMemory or WriteProcessMemory request was completed. (0x12B)
[0110/142127.521:WARNING:pe_image_reader.cc(340)] could not read dos header from C:\WINDOWS\System32\shcore.dll
[0110/142127.521:ERROR:process_memory_win.cc(73)] ReadMemory at 0x7ff86b860000 of 64 bytes failed: Only part of a ReadProcessMemory or WriteProcessMemory request was completed. (0x12B)
[0110/142127.521:WARNING:pe_image_reader.cc(340)] could not read dos header from C:\WINDOWS\SYSTEM32\SSPICLI.DLL
[0110/142127.521:ERROR:process_memory_win.cc(73)] ReadMemory at 0x7ff86b3b0000 of 64 bytes failed: Only part of a ReadProcessMemory or WriteProcessMemory request was completed. (0x12B)
[0110/142127.521:WARNING:pe_image_reader.cc(340)] could not read dos header from C:\WINDOWS\SYSTEM32\CRYPTBASE.DLL
[0110/142127.529:ERROR:process_memory_win.cc(73)] ReadMemory at 0x32e31f9000 of 28672 bytes failed: Only part of a ReadProcessMemory or WriteProcessMemory request was completed. (0x12B)
[0110/142127.529:ERROR:process_memory_win.cc(73)] ReadMemory at 0x32e39fd000 of 12288 bytes failed: Only part of a ReadProcessMemory or WriteProcessMemory request was completed. (0x12B)
[0110/142127.529:ERROR:process_memory_win.cc(73)] ReadMemory at 0x32e41fd000 of 12288 bytes failed: Only part of a ReadProcessMemory or WriteProcessMemory request was completed. (0x12B)
[0110/142127.529:ERROR:process_memory_win.cc(73)] ReadMemory at 0x32e49fc000 of 16384 bytes failed: Only part of a ReadProcessMemory or WriteProcessMemory request was completed. (0x12B)
[0110/142127.529:ERROR:process_memory_win.cc(73)] ReadMemory at 0x32e51fc000 of 16384 bytes failed: Only part of a ReadProcessMemory or WriteProcessMemory request was completed. (0x12B)
[0110/142127.529:ERROR:process_memory_win.cc(73)] ReadMemory at 0x32e59ff000 of 4096 bytes failed: Only part of a ReadProcessMemory or WriteProcessMemory request was completed. (0x12B)
[0110/142127.530:ERROR:process_memory_win.cc(73)] ReadMemory at 0x32e61fd000 of 12288 bytes failed: Only part of a ReadProcessMemory or WriteProcessMemory request was completed. (0x12B)
[0110/142127.530:ERROR:process_memory_win.cc(73)] ReadMemory at 0x32e69fd000 of 12288 bytes failed: Only part of a ReadProcessMemory or WriteProcessMemory request was completed. (0x12B)
[0110/142127.530:ERROR:process_memory_win.cc(73)] ReadMemory at 0x32e71fd000 of 12288 bytes failed: Only part of a ReadProcessMemory or WriteProcessMemory request was completed. (0x12B)
[0110/142127.530:ERROR:process_memory_win.cc(73)] ReadMemory at 0x32e79fd000 of 12288 bytes failed: Only part of a ReadProcessMemory or WriteProcessMemory request was completed. (0x12B)
[0110/142127.530:ERROR:process_memory_win.cc(73)] ReadMemory at 0x32e81fd000 of 12288 bytes failed: Only part of a ReadProcessMemory or WriteProcessMemory request was completed. (0x12B)
[0110/142127.530:ERROR:process_memory_win.cc(73)] ReadMemory at 0x32e89fd000 of 12288 bytes failed: Only part of a ReadProcessMemory or WriteProcessMemory request was completed. (0x12B)
[0110/142127.530:ERROR:process_memory_win.cc(73)] ReadMemory at 0x32e91fd000 of 12288 bytes failed: Only part of a ReadProcessMemory or WriteProcessMemory request was completed. (0x12B)
[0110/142127.530:ERROR:process_memory_win.cc(73)] ReadMemory at 0x32e99fd000 of 12288 bytes failed: Only part of a ReadProcessMemory or WriteProcessMemory request was completed. (0x12B)
[0110/142127.531:ERROR:process_memory_win.cc(73)] ReadMemory at 0x32e289e000 of 852 bytes failed: Only part of a ReadProcessMemory or WriteProcessMemory request was completed. (0x12B)
[0110/142127.531:ERROR:process_memory_win.cc(73)] ReadMemory at 0x32e289f000 of 6024 bytes failed: Only part of a ReadProcessMemory or WriteProcessMemory request was completed. (0x12B)
[0110/142127.531:ERROR:process_memory_win.cc(73)] ReadMemory at 0x32e28a1000 of 6024 bytes failed: Only part of a ReadProcessMemory or WriteProcessMemory request was completed. (0x12B)
[0110/142127.531:ERROR:process_memory_win.cc(73)] ReadMemory at 0x32e28a3000 of 6024 bytes failed: Only part of a ReadProcessMemory or WriteProcessMemory request was completed. (0x12B)
[0110/142127.531:ERROR:process_memory_win.cc(73)] ReadMemory at 0x32e28a5000 of 6024 bytes failed: Only part of a ReadProcessMemory or WriteProcessMemory request was completed. (0x12B)
[0110/142127.531:ERROR:process_memory_win.cc(73)] ReadMemory at 0x32e28a7000 of 6024 bytes failed: Only part of a ReadProcessMemory or WriteProcessMemory request was completed. (0x12B)
[0110/142127.531:ERROR:process_memory_win.cc(73)] ReadMemory at 0x32e28a9000 of 6024 bytes failed: Only part of a ReadProcessMemory or WriteProcessMemory request was completed. (0x12B)
[0110/142127.532:ERROR:process_memory_win.cc(73)] ReadMemory at 0x32e28ab000 of 6024 bytes failed: Only part of a ReadProcessMemory or WriteProcessMemory request was completed. (0x12B)
[0110/142127.532:ERROR:process_memory_win.cc(73)] ReadMemory at 0x32e28ad000 of 6024 bytes failed: Only part of a ReadProcessMemory or WriteProcessMemory request was completed. (0x12B)
[0110/142127.532:ERROR:process_memory_win.cc(73)] ReadMemory at 0x32e28af000 of 6024 bytes failed: Only part of a ReadProcessMemory or WriteProcessMemory request was completed. (0x12B)
[0110/142127.532:ERROR:process_memory_win.cc(73)] ReadMemory at 0x32e28b1000 of 6024 bytes failed: Only part of a ReadProcessMemory or WriteProcessMemory request was completed. (0x12B)
[0110/142127.532:ERROR:process_memory_win.cc(73)] ReadMemory at 0x32e28b3000 of 6024 bytes failed: Only part of a ReadProcessMemory or WriteProcessMemory request was completed. (0x12B)
[0110/142127.532:ERROR:process_memory_win.cc(73)] ReadMemory at 0x32e28b5000 of 6024 bytes failed: Only part of a ReadProcessMemory or WriteProcessMemory request was completed. (0x12B)
[0110/142127.532:ERROR:process_memory_win.cc(73)] ReadMemory at 0x32e28b7000 of 6024 bytes failed: Only part of a ReadProcessMemory or WriteProcessMemory request was completed. (0x12B)
[0110/142127.532:ERROR:process_memory_win.cc(73)] ReadMemory at 0x32e28b9000 of 6024 bytes failed: Only part of a ReadProcessMemory or WriteProcessMemory request was completed. (0x12B)
[0110/142127.532:ERROR:process_memory_win.cc(73)] ReadMemory at 0x1f1d7cf0750 of 80 bytes failed: Only part of a ReadProcessMemory or WriteProcessMemory request was completed. (0x12B)
[0110/142127.532:ERROR:process_memory_win.cc(73)] ReadMemory at 0x1f1d7cf0fe0 of 20422 bytes failed: Only part of a ReadProcessMemory or WriteProcessMemory request was completed. (0x12B)
[0110/142127.533:ERROR:process_memory_win.cc(73)] ReadMemory at 0x1f1d7cf5fb0 of 1012 bytes failed: Only part of a ReadProcessMemory or WriteProcessMemory request was completed. (0x12B)
[0110/142127.533:ERROR:process_memory_win.cc(73)] ReadMemory at 0x1f1d7cf65f8 of 118 bytes failed: Only part of a ReadProcessMemory or WriteProcessMemory request was completed. (0x12B)
[0110/142127.533:ERROR:process_memory_win.cc(73)] ReadMemory at 0x1f1d7cf6670 of 906 bytes failed: Only part of a ReadProcessMemory or WriteProcessMemory request was completed. (0x12B)
[0110/142127.533:ERROR:process_memory_win.cc(73)] ReadMemory at 0x1f1d7cf69fc of 118 bytes failed: Only part of a ReadProcessMemory or WriteProcessMemory request was completed. (0x12B)
[0110/142127.533:ERROR:process_memory_win.cc(73)] ReadMemory at 0x1f1d7cf6a74 of 100 bytes failed: Only part of a ReadProcessMemory or WriteProcessMemory request was completed. (0x12B)
[0110/142127.533:ERROR:process_memory_win.cc(73)] ReadMemory at 0x1f1d7cf6af0 of 58 bytes failed: Only part of a ReadProcessMemory or WriteProcessMemory request was completed. (0x12B)
[0110/142127.533:ERROR:process_memory_win.cc(73)] ReadMemory at 0x1f1d7cf6bf0 of 132 bytes failed: Only part of a ReadProcessMemory or WriteProcessMemory request was completed. (0x12B)
[0110/142127.533:ERROR:process_memory_win.cc(73)] ReadMemory at 0x1f1d7cf6d80 of 132 bytes failed: Only part of a ReadProcessMemory or WriteProcessMemory request was completed. (0x12B)
[0110/142127.533:ERROR:process_memory_win.cc(73)] ReadMemory at 0x1f1d7cf6f40 of 126 bytes failed: Only part of a ReadProcessMemory or WriteProcessMemory request was completed. (0x12B)
[0110/142127.533:ERROR:process_memory_win.cc(73)] ReadMemory at 0x1f1d7cf7320 of 132 bytes failed: Only part of a ReadProcessMemory or WriteProcessMemory request was completed. (0x12B)
[0110/142127.533:ERROR:process_memory_win.cc(73)] ReadMemory at 0x1f1d7cf74b0 of 64 bytes failed: Only part of a ReadProcessMemory or WriteProcessMemory request was completed. (0x12B)
[0110/142127.534:ERROR:process_memory_win.cc(73)] ReadMemory at 0x1f1d7cf7670 of 132 bytes failed: Only part of a ReadProcessMemory or WriteProcessMemory request was completed. (0x12B)
[0110/142127.534:ERROR:process_memory_win.cc(73)] ReadMemory at 0x1f1d7cf7910 of 132 bytes failed: Only part of a ReadProcessMemory or WriteProcessMemory request was completed. (0x12B)
[0110/142127.534:ERROR:process_memory_win.cc(73)] ReadMemory at 0x1f1d7cf7aa0 of 68 bytes failed: Only part of a ReadProcessMemory or WriteProcessMemory request was completed. (0x12B)
[0110/142127.534:ERROR:process_memory_win.cc(73)] ReadMemory at 0x1f1d7cf8bb0 of 132 bytes failed: Only part of a ReadProcessMemory or WriteProcessMemory request was completed. (0x12B)
[0110/142127.534:ERROR:process_memory_win.cc(73)] ReadMemory at 0x1f1d7cf8d40 of 154 bytes failed: Only part of a ReadProcessMemory or WriteProcessMemory request was completed. (0x12B)
[0110/142127.534:ERROR:process_memory_win.cc(73)] ReadMemory at 0x1f1d7cf9b50 of 62 bytes failed: Only part of a ReadProcessMemory or WriteProcessMemory request was completed. (0x12B)
[0110/142127.534:ERROR:process_memory_win.cc(73)] ReadMemory at 0x1f1d7cf9bd0 of 158 bytes failed: Only part of a ReadProcessMemory or WriteProcessMemory request was completed. (0x12B)
[0110/142127.535:ERROR:process_memory_win.cc(73)] ReadMemory at 0x1f1d7cf9cb0 of 132 bytes failed: Only part of a ReadProcessMemory or WriteProcessMemory request was completed. (0x12B)
[0110/142127.535:ERROR:process_memory_win.cc(73)] ReadMemory at 0x1f1d7cf9e40 of 60 bytes failed: Only part of a ReadProcessMemory or WriteProcessMemory request was completed. (0x12B)
[0110/142127.535:ERROR:process_memory_win.cc(73)] ReadMemory at 0x1f1d7cfa02c of 512 bytes failed: Only part of a ReadProcessMemory or WriteProcessMemory request was completed. (0x12B)
[0110/142127.535:ERROR:process_memory_win.cc(73)] ReadMemory at 0x1f1d7cfa440 of 132 bytes failed: Only part of a ReadProcessMemory or WriteProcessMemory request was completed. (0x12B)
[0110/142127.535:ERROR:process_memory_win.cc(73)] ReadMemory at 0x1f1d7cfa790 of 132 bytes failed: Only part of a ReadProcessMemory or WriteProcessMemory request was completed. (0x12B)
[0110/142127.535:ERROR:process_memory_win.cc(73)] ReadMemory at 0x1f1d7cfbb40 of 132 bytes failed: Only part of a ReadProcessMemory or WriteProcessMemory request was completed. (0x12B)
[0110/142127.535:ERROR:process_memory_win.cc(73)] ReadMemory at 0x1f1d7cfbd50 of 132 bytes failed: Only part of a ReadProcessMemory or WriteProcessMemory request was completed. (0x12B)
[0110/142127.535:ERROR:process_memory_win.cc(73)] ReadMemory at 0x1f1d7cfc030 of 132 bytes failed: Only part of a ReadProcessMemory or WriteProcessMemory request was completed. (0x12B)
[0110/142127.535:ERROR:process_memory_win.cc(73)] ReadMemory at 0x1f1d7cfc2e0 of 132 bytes failed: Only part of a ReadProcessMemory or WriteProcessMemory request was completed. (0x12B)
[0110/142127.535:ERROR:process_memory_win.cc(73)] ReadMemory at 0x1f1d7cff1e0 of 60 bytes failed: Only part of a ReadProcessMemory or WriteProcessMemory request was completed. (0x12B)
[0110/142127.535:ERROR:process_memory_win.cc(73)] ReadMemory at 0x1f1d7cff230 of 64 bytes failed: Only part of a ReadProcessMemory or WriteProcessMemory request was completed. (0x12B)
[0110/142127.535:ERROR:process_memory_win.cc(73)] ReadMemory at 0x1f1d7cff2d0 of 64 bytes failed: Only part of a ReadProcessMemory or WriteProcessMemory request was completed. (0x12B)
[0110/142127.536:ERROR:process_memory_win.cc(73)] ReadMemory at 0x1f1d7cff320 of 66 bytes failed: Only part of a ReadProcessMemory or WriteProcessMemory request was completed. (0x12B)
[0110/142127.536:ERROR:process_memory_win.cc(73)] ReadMemory at 0x1f1d7cff370 of 62 bytes failed: Only part of a ReadProcessMemory or WriteProcessMemory request was completed. (0x12B)
[0110/142127.536:ERROR:process_memory_win.cc(73)] ReadMemory at 0x1f1d7cff500 of 62 bytes failed: Only part of a ReadProcessMemory or WriteProcessMemory request was completed. (0x12B)
[0110/142127.536:ERROR:process_memory_win.cc(73)] ReadMemory at 0x1f1d7cff550 of 60 bytes failed: Only part of a ReadProcessMemory or WriteProcessMemory request was completed. (0x12B)
[0110/142127.536:ERROR:process_memory_win.cc(73)] ReadMemory at 0x1f1d7cff690 of 64 bytes failed: Only part of a ReadProcessMemory or WriteProcessMemory request was completed. (0x12B)
[0110/142127.536:ERROR:process_memory_win.cc(73)] ReadMemory at 0x1f1d7cff6e0 of 64 bytes failed: Only part of a ReadProcessMemory or WriteProcessMemory request was completed. (0x12B)
[0110/142127.536:ERROR:process_memory_win.cc(73)] ReadMemory at 0x1f1d7d01800 of 132 bytes failed: Only part of a ReadProcessMemory or WriteProcessMemory request was completed. (0x12B)
[0110/142127.536:ERROR:process_memory_win.cc(73)] ReadMemory at 0x1f1d7d01930 of 132 bytes failed: Only part of a ReadProcessMemory or WriteProcessMemory request was completed. (0x12B)
[0110/142127.536:ERROR:process_memory_win.cc(73)] ReadMemory at 0x1f1d7d01a60 of 132 bytes failed: Only part of a ReadProcessMemory or WriteProcessMemory request was completed. (0x12B)
[0110/142127.536:ERROR:process_memory_win.cc(73)] ReadMemory at 0x1f1d7d01b90 of 132 bytes failed: Only part of a ReadProcessMemory or WriteProcessMemory request was completed. (0x12B)
[0110/142127.536:ERROR:process_memory_win.cc(73)] ReadMemory at 0x1f1d7d01cc0 of 132 bytes failed: Only part of a ReadProcessMemory or WriteProcessMemory request was completed. (0x12B)
[0110/142127.536:ERROR:process_memory_win.cc(73)] ReadMemory at 0x1f1d7d042d0 of 62 bytes failed: Only part of a ReadProcessMemory or WriteProcessMemory request was completed. (0x12B)
[0110/142127.536:ERROR:process_memory_win.cc(73)] ReadMemory at 0x1f1d7d04320 of 66 bytes failed: Only part of a ReadProcessMemory or WriteProcessMemory request was completed. (0x12B)
[0110/142127.536:ERROR:process_memory_win.cc(73)] ReadMemory at 0x1f1d7d043c0 of 64 bytes failed: Only part of a ReadProcessMemory or WriteProcessMemory request was completed. (0x12B)
[0110/142127.536:ERROR:process_memory_win.cc(73)] ReadMemory at 0x1f1d7d04640 of 58 bytes failed: Only part of a ReadProcessMemory or WriteProcessMemory request was completed. (0x12B)
[0110/142127.536:ERROR:process_memory_win.cc(73)] ReadMemory at 0x1f1d7d04910 of 64 bytes failed: Only part of a ReadProcessMemory or WriteProcessMemory request was completed. (0x12B)
[0110/142127.536:ERROR:process_memory_win.cc(73)] ReadMemory at 0x1f1d7d04a00 of 62 bytes failed: Only part of a ReadProcessMemory or WriteProcessMemory request was completed. (0x12B)
[0110/142127.537:ERROR:process_memory_win.cc(73)] ReadMemory at 0x1f1d7d04a50 of 62 bytes failed: Only part of a ReadProcessMemory or WriteProcessMemory request was completed. (0x12B)
[0110/142127.537:ERROR:process_memory_win.cc(73)] ReadMemory at 0x1f1d7d04aa0 of 64 bytes failed: Only part of a ReadProcessMemory or WriteProcessMemory request was completed. (0x12B)
[0110/142127.537:ERROR:process_memory_win.cc(73)] ReadMemory at 0x1f1d7d04b40 of 62 bytes failed: Only part of a ReadProcessMemory or WriteProcessMemory request was completed. (0x12B)
[0110/142127.537:ERROR:process_memory_win.cc(73)] ReadMemory at 0x1f1d7d04be0 of 62 bytes failed: Only part of a ReadProcessMemory or WriteProcessMemory request was completed. (0x12B)
[0110/142127.537:ERROR:process_memory_win.cc(73)] ReadMemory at 0x1f1d7d04c30 of 64 bytes failed: Only part of a ReadProcessMemory or WriteProcessMemory request was completed. (0x12B)
[0110/142127.537:ERROR:process_memory_win.cc(73)] ReadMemory at 0x1f1d7d04c80 of 60 bytes failed: Only part of a ReadProcessMemory or WriteProcessMemory request was completed. (0x12B)
[0110/142127.537:ERROR:process_memory_win.cc(73)] ReadMemory at 0x1f1d7d04d70 of 62 bytes failed: Only part of a ReadProcessMemory or WriteProcessMemory request was completed. (0x12B)
[0110/142127.537:ERROR:process_memory_win.cc(73)] ReadMemory at 0x1f1d7d04e10 of 62 bytes failed: Only part of a ReadProcessMemory or WriteProcessMemory request was completed. (0x12B)
[0110/142127.537:ERROR:process_memory_win.cc(73)] ReadMemory at 0x1f1d7d04e60 of 60 bytes failed: Only part of a ReadProcessMemory or WriteProcessMemory request was completed. (0x12B)
[0110/142127.537:ERROR:process_memory_win.cc(73)] ReadMemory at 0x1f1d7d04eb0 of 62 bytes failed: Only part of a ReadProcessMemory or WriteProcessMemory request was completed. (0x12B)
[0110/142127.537:ERROR:process_memory_win.cc(73)] ReadMemory at 0x1f1d7d05040 of 60 bytes failed: Only part of a ReadProcessMemory or WriteProcessMemory request was completed. (0x12B)
[0110/142127.537:ERROR:process_memory_win.cc(73)] ReadMemory at 0x1f1d7d05090 of 60 bytes failed: Only part of a ReadProcessMemory or WriteProcessMemory request was completed. (0x12B)
[0110/142127.537:ERROR:process_memory_win.cc(73)] ReadMemory at 0x1f1d7d05d50 of 132 bytes failed: Only part of a ReadProcessMemory or WriteProcessMemory request was completed. (0x12B)
[0110/142127.537:ERROR:process_memory_win.cc(73)] ReadMemory at 0x1f1d7d06420 of 132 bytes failed: Only part of a ReadProcessMemory or WriteProcessMemory request was completed. (0x12B)
[0110/142127.537:ERROR:process_memory_win.cc(73)] ReadMemory at 0x1f1d7d06550 of 132 bytes failed: Only part of a ReadProcessMemory or WriteProcessMemory request was completed. (0x12B)
[0110/142127.537:ERROR:process_memory_win.cc(73)] ReadMemory at 0x1f1d7d07110 of 54 bytes failed: Only part of a ReadProcessMemory or WriteProcessMemory request was completed. (0x12B)
[0110/142127.537:ERROR:process_memory_win.cc(73)] ReadMemory at 0x1f1d7d09460 of 76 bytes failed: Only part of a ReadProcessMemory or WriteProcessMemory request was completed. (0x12B)
[0110/142127.537:ERROR:process_memory_win.cc(73)] ReadMemory at 0x1f1d7d0c500 of 132 bytes failed: Only part of a ReadProcessMemory or WriteProcessMemory request was completed. (0x12B)
[0110/142127.538:ERROR:process_memory_win.cc(73)] ReadMemory at 0x1f1d7d0c890 of 132 bytes failed: Only part of a ReadProcessMemory or WriteProcessMemory request was completed. (0x12B)
[0110/142127.538:ERROR:process_memory_win.cc(73)] ReadMemory at 0x1f1d7d0c9c0 of 132 bytes failed: Only part of a ReadProcessMemory or WriteProcessMemory request was completed. (0x12B)
[0110/142127.538:ERROR:process_memory_win.cc(73)] ReadMemory at 0x1f1d7d0caf0 of 132 bytes failed: Only part of a ReadProcessMemory or WriteProcessMemory request was completed. (0x12B)
[0110/142127.538:ERROR:process_memory_win.cc(73)] ReadMemory at 0x1f1d7d0cc20 of 132 bytes failed: Only part of a ReadProcessMemory or WriteProcessMemory request was completed. (0x12B)
[0110/142127.538:ERROR:process_memory_win.cc(73)] ReadMemory at 0x1f1d7d0d0e0 of 132 bytes failed: Only part of a ReadProcessMemory or WriteProcessMemory request was completed. (0x12B)
[0110/142127.538:ERROR:process_memory_win.cc(73)] ReadMemory at 0x1f1d7d0d340 of 132 bytes failed: Only part of a ReadProcessMemory or WriteProcessMemory request was completed. (0x12B)
[0110/142127.538:ERROR:process_memory_win.cc(73)] ReadMemory at 0x1f1d7d0d470 of 132 bytes failed: Only part of a ReadProcessMemory or WriteProcessMemory request was completed. (0x12B)
[0110/142127.538:ERROR:process_memory_win.cc(73)] ReadMemory at 0x1f1d7d0d5a0 of 132 bytes failed: Only part of a ReadProcessMemory or WriteProcessMemory request was completed. (0x12B)
[0110/142127.538:ERROR:process_memory_win.cc(73)] ReadMemory at 0x1f1d7d0d6d0 of 132 bytes failed: Only part of a ReadProcessMemory or WriteProcessMemory request was completed. (0x12B)
[0110/142127.538:ERROR:process_memory_win.cc(73)] ReadMemory at 0x1f1d7d0d800 of 132 bytes failed: Only part of a ReadProcessMemory or WriteProcessMemory request was completed. (0x12B)
[0110/142127.538:ERROR:process_memory_win.cc(73)] ReadMemory at 0x1f1d7d0d930 of 132 bytes failed: Only part of a ReadProcessMemory or WriteProcessMemory request was completed. (0x12B)
[0110/142127.538:ERROR:process_memory_win.cc(73)] ReadMemory at 0x1f1d7d0da60 of 132 bytes failed: Only part of a ReadProcessMemory or WriteProcessMemory request was completed. (0x12B)
[0110/142127.538:ERROR:process_memory_win.cc(73)] ReadMemory at 0x1f1d7d0dcc0 of 132 bytes failed: Only part of a ReadProcessMemory or WriteProcessMemory request was completed. (0x12B)
[0110/142127.538:ERROR:process_memory_win.cc(73)] ReadMemory at 0x1f1d7d0ddf0 of 132 bytes failed: Only part of a ReadProcessMemory or WriteProcessMemory request was completed. (0x12B)
[0110/142127.539:ERROR:process_memory_win.cc(73)] ReadMemory at 0x1f1d7d0df20 of 132 bytes failed: Only part of a ReadProcessMemory or WriteProcessMemory request was completed. (0x12B)
[0110/142127.539:ERROR:process_memory_win.cc(73)] ReadMemory at 0x1f1d7d0e180 of 132 bytes failed: Only part of a ReadProcessMemory or WriteProcessMemory request was completed. (0x12B)
[0110/142127.539:ERROR:process_memory_win.cc(73)] ReadMemory at 0x1f1d7d227f0 of 512 bytes failed: Only part of a ReadProcessMemory or WriteProcessMemory request was completed. (0x12B)
[0110/142127.539:ERROR:process_memory_win.cc(73)] ReadMemory at 0x1f1d7d23340 of 512 bytes failed: Only part of a ReadProcessMemory or WriteProcessMemory request was completed. (0x12B)
[0110/142127.539:ERROR:process_memory_win.cc(73)] ReadMemory at 0x1f1d7f01b40 of 512 bytes failed: Only part of a ReadProcessMemory or WriteProcessMemory request was completed. (0x12B)
[0110/142127.539:ERROR:process_memory_win.cc(73)] ReadMemory at 0x1f1d81ef8c0 of 512 bytes failed: Only part of a ReadProcessMemory or WriteProcessMemory request was completed. (0x12B)
[0110/142127.539:ERROR:process_memory_win.cc(73)] ReadMemory at 0x1f1d81efc20 of 512 bytes failed: Only part of a ReadProcessMemory or WriteProcessMemory request was completed. (0x12B)
[0110/142127.539:ERROR:process_memory_win.cc(73)] ReadMemory at 0x1f1d8205c40 of 512 bytes failed: Only part of a ReadProcessMemory or WriteProcessMemory request was completed. (0x12B)
[0110/142127.539:ERROR:process_memory_win.cc(73)] ReadMemory at 0x1f1d8230af0 of 712 bytes failed: Only part of a ReadProcessMemory or WriteProcessMemory request was completed. (0x12B)
[0110/142127.539:ERROR:process_memory_win.cc(73)] ReadMemory at 0x1f1da030000 of 384 bytes failed: Only part of a ReadProcessMemory or WriteProcessMemory request was completed. (0x12B)
[0110/142127.539:ERROR:process_memory_win.cc(73)] ReadMemory at 0x1f1da0909a0 of 512 bytes failed: Only part of a ReadProcessMemory or WriteProcessMemory request was completed. (0x12B)
[0110/142127.539:ERROR:process_memory_win.cc(73)] ReadMemory at 0x1f1da0ac908 of 512 bytes failed: Only part of a ReadProcessMemory or WriteProcessMemory request was completed. (0x12B)
[0110/142127.539:ERROR:process_memory_win.cc(73)] ReadMemory at 0x1f1da0acd88 of 944 bytes failed: Only part of a ReadProcessMemory or WriteProcessMemory request was completed. (0x12B)
[0110/142127.539:ERROR:process_memory_win.cc(73)] ReadMemory at 0x1f1da1b8be8 of 512 bytes failed: Only part of a ReadProcessMemory or WriteProcessMemory request was completed. (0x12B)
[0110/142127.540:ERROR:process_memory_win.cc(73)] ReadMemory at 0x1f1da226b60 of 512 bytes failed: Only part of a ReadProcessMemory or WriteProcessMemory request was completed. (0x12B)
[0110/142127.540:ERROR:process_memory_win.cc(73)] ReadMemory at 0x1f1da2273d0 of 512 bytes failed: Only part of a ReadProcessMemory or WriteProcessMemory request was completed. (0x12B)
[0110/142127.540:ERROR:process_memory_win.cc(73)] ReadMemory at 0x7ff86c53b6d0 of 512 bytes failed: Only part of a ReadProcessMemory or WriteProcessMemory request was completed. (0x12B)
[0110/142127.540:ERROR:process_memory_win.cc(73)] ReadMemory at 0x7ff86eb3c0c4 of 672 bytes failed: Only part of a ReadProcessMemory or WriteProcessMemory request was completed. (0x12B)
[0110/142127.540:ERROR:process_memory_win.cc(73)] ReadMemory at 0x7ff86eb3c6c4 of 512 bytes failed: Only part of a ReadProcessMemory or WriteProcessMemory request was completed. (0x12B)
[0110/142127.540:ERROR:process_memory_win.cc(73)] ReadMemory at 0x7ff86eb3f974 of 608 bytes failed: Only part of a ReadProcessMemory or WriteProcessMemory request was completed. (0x12B)
[0110/142127.540:ERROR:process_memory_win.cc(73)] ReadMemory at 0x7ff86ebcc428 of 18 bytes failed: Only part of a ReadProcessMemory or WriteProcessMemory request was completed. (0x12B)
[0110/142127.540:ERROR:process_memory_win.cc(73)] ReadMemory at 0x7ff86ebff4f8 of 40 bytes failed: Only part of a ReadProcessMemory or WriteProcessMemory request was completed. (0x12B)
[0110/142127.540:ERROR:process_memory_win.cc(73)] ReadMemory at 0x7ff86ebff978 of 48 bytes failed: Only part of a ReadProcessMemory or WriteProcessMemory request was completed. (0x12B)
[0110/142127.540:ERROR:process_memory_win.cc(73)] ReadMemory at 0x7ff86ec053c0 of 64 bytes failed: Only part of a ReadProcessMemory or WriteProcessMemory request was completed. (0x12B)
[0110/142127.541:ERROR:process_memory_win.cc(73)] ReadMemory at 0x7ffffb134ad0 of 512 bytes failed: Only part of a ReadProcessMemory or WriteProcessMemory request was completed. (0x12B)
[0110/142127.541:ERROR:process_memory_win.cc(73)] ReadMemory at 0x7ffffbfcf8a2 of 512 bytes failed: Only part of a ReadProcessMemory or WriteProcessMemory request was completed. (0x12B)
[0110/142127.541:ERROR:process_memory_win.cc(73)] ReadMemory at 0x7ffffc46ef1c of 512 bytes failed: Only part of a ReadProcessMemory or WriteProcessMemory request was completed. (0x12B)
[0110/142127.541:ERROR:process_memory_win.cc(73)] ReadMemory at 0x7ffffcbde838 of 553 bytes failed: Only part of a ReadProcessMemory or WriteProcessMemory request was completed. (0x12B)
[0110/142127.541:ERROR:process_memory_win.cc(73)] ReadMemory at 0x7fffff294d50 of 512 bytes failed: Only part of a ReadProcessMemory or WriteProcessMemory request was completed. (0x12B)
[0110/142127.543:ERROR:scoped_process_suspend.cc(40)] NtResumeProcess: An attempt was made to access an exiting process. (0xc000010a)
